2025-08-05 12:49:44,518 [INFO] STARTING EXPERIMENT: latent4_lossL1_base32_img1024
2025-08-05 12:49:44,519 [INFO] Output will be saved to: /zhome/62/5/203350/ws/ImgiNav/ae/latent4_lossL1_base32_img1024
2025-08-05 12:49:44,519 [INFO] World Size: 1
2025-08-05 12:49:44,521 [INFO] Configuration:
paths:
  output_dir: /zhome/62/5/203350/ws/ImgiNav/ae
  image_dir: /tmp/s233249_data_25758230_1
training:
  epochs: 50
  batch_size: 32
  lr: 0.0001
  num_workers: 0
  loss: L1
  img_size: 1024
  save_interval: 10
model:
  latent_channels: 4
  base_channels: 32
run_id: latent4_lossL1_base32_img1024
local_rank: 0

2025-08-06 08:46:17,128 [INFO] STARTING EXPERIMENT: latent4_lossL1_base32_img1024
2025-08-06 08:46:17,129 [INFO] Output will be saved to: /zhome/62/5/203350/ws/ImgiNav/ae/latent4_lossL1_base32_img1024
2025-08-06 08:46:17,129 [INFO] World Size: 1
2025-08-06 08:46:17,131 [INFO] Configuration:
paths:
  output_dir: /zhome/62/5/203350/ws/ImgiNav/ae
  image_dir: /tmp/s233249_data_25763383_1
training:
  epochs: 50
  batch_size: 32
  lr: 0.0001
  num_workers: 0
  loss: L1
  img_size: 1024
  save_interval: 10
model:
  latent_channels: 4
  base_channels: 32
run_id: latent4_lossL1_base32_img1024
local_rank: 0

2025-08-06 08:46:17,135 [INFO] Model metadata saved to /zhome/62/5/203350/ws/ImgiNav/ae/latent4_lossL1_base32_img1024/metadata.json
2025-08-06 08:46:37,287 [INFO] Training with 4329 train and 481 val images.
2025-08-06 09:12:42,530 [INFO] Saving checkpoint at epoch 10...
2025-08-06 09:38:24,338 [INFO] Saving checkpoint at epoch 20...
2025-08-06 10:04:12,770 [INFO] Saving checkpoint at epoch 30...
2025-08-06 10:30:15,131 [INFO] Saving checkpoint at epoch 40...
2025-08-06 10:56:24,289 [INFO] Saving checkpoint at epoch 50...
2025-08-06 10:56:24,320 [INFO] Training finished. Saving final models and artifacts.
2025-08-06 10:56:24,579 [INFO] Loss curves saved to /zhome/62/5/203350/ws/ImgiNav/ae/latent4_lossL1_base32_img1024/loss_curves.png
2025-08-06 10:56:24,583 [INFO] Training data JSON saved to /zhome/62/5/203350/ws/ImgiNav/ae/latent4_lossL1_base32_img1024/training_data.json
2025-08-06 10:56:24,866 [INFO] Saved comparison image to /zhome/62/5/203350/ws/ImgiNav/ae/latent4_lossL1_base32_img1024/comparison.png
2025-08-06 10:56:24,866 [INFO] Generating latent space PCA plot...
2025-08-06 10:56:41,092 [INFO] Latent space PCA plot saved to /zhome/62/5/203350/ws/ImgiNav/ae/latent4_lossL1_base32_img1024/latent_space_pca.png
2025-08-06 10:56:41,092 [INFO] All artifacts saved successfully.
