2025-08-05 12:53:42,488 [INFO] STARTING EXPERIMENT: latent7_lossPerceptual_base32_img1024
2025-08-05 12:53:42,488 [INFO] Output will be saved to: /zhome/62/5/203350/ws/ImgiNav/ae/latent7_lossPerceptual_base32_img1024
2025-08-05 12:53:42,488 [INFO] World Size: 1
2025-08-05 12:53:42,489 [INFO] Configuration:
paths:
  output_dir: /zhome/62/5/203350/ws/ImgiNav/ae
  image_dir: /tmp/s233249_data_25758230_12
training:
  epochs: 50
  batch_size: 32
  lr: 0.0001
  num_workers: 0
  loss: Perceptual
  img_size: 1024
  save_interval: 10
model:
  latent_channels: 7
  base_channels: 32
run_id: latent7_lossPerceptual_base32_img1024
local_rank: 0

2025-08-07 01:41:43,206 [INFO] STARTING EXPERIMENT: latent7_lossPerceptual_base32_img1024
2025-08-07 01:41:43,206 [INFO] Output will be saved to: /zhome/62/5/203350/ws/ImgiNav/ae/latent7_lossPerceptual_base32_img1024
2025-08-07 01:41:43,206 [INFO] World Size: 1
2025-08-07 01:41:43,208 [INFO] Configuration:
paths:
  output_dir: /zhome/62/5/203350/ws/ImgiNav/ae
  image_dir: /tmp/s233249_data_25763383_12
training:
  epochs: 50
  batch_size: 32
  lr: 0.0001
  num_workers: 0
  loss: Perceptual
  img_size: 1024
  save_interval: 10
model:
  latent_channels: 7
  base_channels: 32
run_id: latent7_lossPerceptual_base32_img1024
local_rank: 0

2025-08-07 01:41:43,211 [INFO] Model metadata saved to /zhome/62/5/203350/ws/ImgiNav/ae/latent7_lossPerceptual_base32_img1024/metadata.json
2025-08-07 01:41:47,118 [INFO] Training with 4329 train and 481 val images.
2025-08-07 02:08:45,232 [INFO] Saving checkpoint at epoch 10...
2025-08-07 02:35:38,389 [INFO] Saving checkpoint at epoch 20...
2025-08-07 03:02:29,074 [INFO] Saving checkpoint at epoch 30...
2025-08-07 03:29:09,392 [INFO] Saving checkpoint at epoch 40...
2025-08-07 03:55:58,443 [INFO] Saving checkpoint at epoch 50...
2025-08-07 03:55:58,475 [INFO] Training finished. Saving final models and artifacts.
2025-08-07 03:55:58,680 [INFO] Loss curves saved to /zhome/62/5/203350/ws/ImgiNav/ae/latent7_lossPerceptual_base32_img1024/loss_curves.png
2025-08-07 03:55:58,683 [INFO] Training data JSON saved to /zhome/62/5/203350/ws/ImgiNav/ae/latent7_lossPerceptual_base32_img1024/training_data.json
2025-08-07 03:55:58,986 [INFO] Saved comparison image to /zhome/62/5/203350/ws/ImgiNav/ae/latent7_lossPerceptual_base32_img1024/comparison.png
2025-08-07 03:55:58,986 [INFO] Generating latent space PCA plot...
2025-08-07 03:56:14,358 [INFO] Latent space PCA plot saved to /zhome/62/5/203350/ws/ImgiNav/ae/latent7_lossPerceptual_base32_img1024/latent_space_pca.png
2025-08-07 03:56:14,359 [INFO] All artifacts saved successfully.
