2025-08-05 12:51:41,528 [INFO] STARTING EXPERIMENT: latent5_lossPerceptual_base32_img1024
2025-08-05 12:51:41,528 [INFO] Output will be saved to: /zhome/62/5/203350/ws/ImgiNav/ae/latent5_lossPerceptual_base32_img1024
2025-08-05 12:51:41,528 [INFO] World Size: 1
2025-08-05 12:51:41,530 [INFO] Configuration:
paths:
  output_dir: /zhome/62/5/203350/ws/ImgiNav/ae
  image_dir: /tmp/s233249_data_25758230_6
training:
  epochs: 50
  batch_size: 32
  lr: 0.0001
  num_workers: 0
  loss: Perceptual
  img_size: 1024
  save_interval: 10
model:
  latent_channels: 5
  base_channels: 32
run_id: latent5_lossPerceptual_base32_img1024
local_rank: 0

2025-08-06 17:39:27,066 [INFO] STARTING EXPERIMENT: latent5_lossPerceptual_base32_img1024
2025-08-06 17:39:27,067 [INFO] Output will be saved to: /zhome/62/5/203350/ws/ImgiNav/ae/latent5_lossPerceptual_base32_img1024
2025-08-06 17:39:27,067 [INFO] World Size: 1
2025-08-06 17:39:27,068 [INFO] Configuration:
paths:
  output_dir: /zhome/62/5/203350/ws/ImgiNav/ae
  image_dir: /tmp/s233249_data_25763383_6
training:
  epochs: 50
  batch_size: 32
  lr: 0.0001
  num_workers: 0
  loss: Perceptual
  img_size: 1024
  save_interval: 10
model:
  latent_channels: 5
  base_channels: 32
run_id: latent5_lossPerceptual_base32_img1024
local_rank: 0

2025-08-06 17:39:27,072 [INFO] Model metadata saved to /zhome/62/5/203350/ws/ImgiNav/ae/latent5_lossPerceptual_base32_img1024/metadata.json
2025-08-06 17:39:51,981 [INFO] Training with 4329 train and 481 val images.
2025-08-06 18:12:42,201 [INFO] Saving checkpoint at epoch 10...
2025-08-06 18:44:49,137 [INFO] Saving checkpoint at epoch 20...
2025-08-06 19:16:41,739 [INFO] Saving checkpoint at epoch 30...
2025-08-06 19:48:31,142 [INFO] Saving checkpoint at epoch 40...
2025-08-06 20:20:14,507 [INFO] Saving checkpoint at epoch 50...
2025-08-06 20:20:14,532 [INFO] Training finished. Saving final models and artifacts.
2025-08-06 20:20:15,354 [INFO] Loss curves saved to /zhome/62/5/203350/ws/ImgiNav/ae/latent5_lossPerceptual_base32_img1024/loss_curves.png
2025-08-06 20:20:15,357 [INFO] Training data JSON saved to /zhome/62/5/203350/ws/ImgiNav/ae/latent5_lossPerceptual_base32_img1024/training_data.json
2025-08-06 20:20:15,748 [INFO] Saved comparison image to /zhome/62/5/203350/ws/ImgiNav/ae/latent5_lossPerceptual_base32_img1024/comparison.png
2025-08-06 20:20:15,748 [INFO] Generating latent space PCA plot...
2025-08-06 20:20:34,576 [INFO] Latent space PCA plot saved to /zhome/62/5/203350/ws/ImgiNav/ae/latent5_lossPerceptual_base32_img1024/latent_space_pca.png
2025-08-06 20:20:34,577 [INFO] All artifacts saved successfully.
