2025-08-07 13:58:01,952 [INFO] STARTING EXPERIMENT: latent4_lossL1_base32_img1024
2025-08-07 13:58:01,952 [INFO] Output will be saved to: /zhome/62/5/203350/ws/ImgiNav/ae/recolored_semantic_layouts/latent4_lossL1_base32_img1024
2025-08-07 13:58:01,952 [INFO] World Size: 1
2025-08-07 13:58:01,953 [INFO] Configuration:
paths:
  output_dir: /zhome/62/5/203350/ws/ImgiNav/ae/recolored_semantic_layouts
  image_dir: /tmp/s233249_data_25766999_1
training:
  epochs: 50
  batch_size: 32
  lr: 0.0001
  num_workers: 0
  loss: L1
  img_size: 1024
  save_interval: 10
model:
  latent_channels: 4
  base_channels: 32
run_id: latent4_lossL1_base32_img1024
local_rank: 0

2025-08-07 13:58:01,955 [INFO] Model metadata saved to /zhome/62/5/203350/ws/ImgiNav/ae/recolored_semantic_layouts/latent4_lossL1_base32_img1024/metadata.json
2025-08-07 13:58:20,492 [INFO] Training with 4329 train and 481 val images.
2025-08-07 14:31:05,325 [INFO] Saving checkpoint at epoch 10...
2025-08-07 15:03:33,918 [INFO] Saving checkpoint at epoch 20...
2025-08-07 15:35:09,858 [INFO] Saving checkpoint at epoch 30...
2025-08-07 16:07:17,483 [INFO] Saving checkpoint at epoch 40...
2025-08-07 16:39:43,000 [INFO] Saving checkpoint at epoch 50...
2025-08-07 16:39:43,026 [INFO] Training finished. Saving final models and artifacts.
2025-08-07 16:39:44,137 [INFO] Loss curves saved to /zhome/62/5/203350/ws/ImgiNav/ae/recolored_semantic_layouts/latent4_lossL1_base32_img1024/loss_curves.png
2025-08-07 16:39:44,140 [INFO] Training data JSON saved to /zhome/62/5/203350/ws/ImgiNav/ae/recolored_semantic_layouts/latent4_lossL1_base32_img1024/training_data.json
2025-08-07 16:39:44,473 [INFO] Saved comparison image to /zhome/62/5/203350/ws/ImgiNav/ae/recolored_semantic_layouts/latent4_lossL1_base32_img1024/comparison.png
2025-08-07 16:39:44,473 [INFO] Generating latent space PCA plot...
2025-08-07 16:40:04,742 [INFO] Latent space PCA plot saved to /zhome/62/5/203350/ws/ImgiNav/ae/recolored_semantic_layouts/latent4_lossL1_base32_img1024/latent_space_pca.png
2025-08-07 16:40:04,743 [INFO] All artifacts saved successfully.
