2025-08-05 12:53:02,420 [INFO] STARTING EXPERIMENT: latent7_lossL1_base32_img1024
2025-08-05 12:53:02,420 [INFO] Output will be saved to: /zhome/62/5/203350/ws/ImgiNav/ae/latent7_lossL1_base32_img1024
2025-08-05 12:53:02,420 [INFO] World Size: 1
2025-08-05 12:53:02,422 [INFO] Configuration:
paths:
  output_dir: /zhome/62/5/203350/ws/ImgiNav/ae
  image_dir: /tmp/s233249_data_25758230_10
training:
  epochs: 50
  batch_size: 32
  lr: 0.0001
  num_workers: 0
  loss: L1
  img_size: 1024
  save_interval: 10
model:
  latent_channels: 7
  base_channels: 32
run_id: latent7_lossL1_base32_img1024
local_rank: 0

2025-08-07 00:05:49,193 [INFO] STARTING EXPERIMENT: latent7_lossL1_base32_img1024
2025-08-07 00:05:49,194 [INFO] Output will be saved to: /zhome/62/5/203350/ws/ImgiNav/ae/latent7_lossL1_base32_img1024
2025-08-07 00:05:49,194 [INFO] World Size: 1
2025-08-07 00:05:49,195 [INFO] Configuration:
paths:
  output_dir: /zhome/62/5/203350/ws/ImgiNav/ae
  image_dir: /tmp/s233249_data_25763383_10
training:
  epochs: 50
  batch_size: 32
  lr: 0.0001
  num_workers: 0
  loss: L1
  img_size: 1024
  save_interval: 10
model:
  latent_channels: 7
  base_channels: 32
run_id: latent7_lossL1_base32_img1024
local_rank: 0

2025-08-07 00:05:49,198 [INFO] Model metadata saved to /zhome/62/5/203350/ws/ImgiNav/ae/latent7_lossL1_base32_img1024/metadata.json
2025-08-07 00:05:52,519 [INFO] Training with 4329 train and 481 val images.
2025-08-07 00:38:47,362 [INFO] Saving checkpoint at epoch 10...
2025-08-07 01:11:26,394 [INFO] Saving checkpoint at epoch 20...
2025-08-07 01:44:07,615 [INFO] Saving checkpoint at epoch 30...
2025-08-07 02:16:39,184 [INFO] Saving checkpoint at epoch 40...
2025-08-07 02:48:59,704 [INFO] Saving checkpoint at epoch 50...
2025-08-07 02:48:59,728 [INFO] Training finished. Saving final models and artifacts.
2025-08-07 02:48:59,912 [INFO] Loss curves saved to /zhome/62/5/203350/ws/ImgiNav/ae/latent7_lossL1_base32_img1024/loss_curves.png
2025-08-07 02:48:59,915 [INFO] Training data JSON saved to /zhome/62/5/203350/ws/ImgiNav/ae/latent7_lossL1_base32_img1024/training_data.json
2025-08-07 02:49:00,211 [INFO] Saved comparison image to /zhome/62/5/203350/ws/ImgiNav/ae/latent7_lossL1_base32_img1024/comparison.png
2025-08-07 02:49:00,211 [INFO] Generating latent space PCA plot...
2025-08-07 02:49:19,923 [INFO] Latent space PCA plot saved to /zhome/62/5/203350/ws/ImgiNav/ae/latent7_lossL1_base32_img1024/latent_space_pca.png
2025-08-07 02:49:19,923 [INFO] All artifacts saved successfully.
