2025-08-07 22:12:11,160 [INFO] STARTING EXPERIMENT: latent7_lossMSE_base32_img1024
2025-08-07 22:12:11,160 [INFO] Output will be saved to: /zhome/62/5/203350/ws/ImgiNav/ae/recolored_semantic_layouts/latent7_lossMSE_base32_img1024
2025-08-07 22:12:11,160 [INFO] World Size: 1
2025-08-07 22:12:11,161 [INFO] Configuration:
paths:
  output_dir: /zhome/62/5/203350/ws/ImgiNav/ae/recolored_semantic_layouts
  image_dir: /tmp/s233249_data_25766999_11
training:
  epochs: 50
  batch_size: 32
  lr: 0.0001
  num_workers: 0
  loss: MSE
  img_size: 1024
  save_interval: 10
model:
  latent_channels: 7
  base_channels: 32
run_id: latent7_lossMSE_base32_img1024
local_rank: 0

2025-08-07 22:12:11,163 [INFO] Model metadata saved to /zhome/62/5/203350/ws/ImgiNav/ae/recolored_semantic_layouts/latent7_lossMSE_base32_img1024/metadata.json
2025-08-07 22:12:13,790 [INFO] Training with 4329 train and 481 val images.
2025-08-07 22:45:18,300 [INFO] Saving checkpoint at epoch 10...
2025-08-07 23:18:30,199 [INFO] Saving checkpoint at epoch 20...
2025-08-07 23:51:40,127 [INFO] Saving checkpoint at epoch 30...
2025-08-08 00:24:10,853 [INFO] Saving checkpoint at epoch 40...
2025-08-08 00:57:29,585 [INFO] Saving checkpoint at epoch 50...
2025-08-08 00:57:29,610 [INFO] Training finished. Saving final models and artifacts.
2025-08-08 00:57:29,807 [INFO] Loss curves saved to /zhome/62/5/203350/ws/ImgiNav/ae/recolored_semantic_layouts/latent7_lossMSE_base32_img1024/loss_curves.png
2025-08-08 00:57:29,810 [INFO] Training data JSON saved to /zhome/62/5/203350/ws/ImgiNav/ae/recolored_semantic_layouts/latent7_lossMSE_base32_img1024/training_data.json
2025-08-08 00:57:30,077 [INFO] Saved comparison image to /zhome/62/5/203350/ws/ImgiNav/ae/recolored_semantic_layouts/latent7_lossMSE_base32_img1024/comparison.png
2025-08-08 00:57:30,077 [INFO] Generating latent space PCA plot...
2025-08-08 00:57:51,254 [INFO] Latent space PCA plot saved to /zhome/62/5/203350/ws/ImgiNav/ae/recolored_semantic_layouts/latent7_lossMSE_base32_img1024/latent_space_pca.png
2025-08-08 00:57:51,254 [INFO] All artifacts saved successfully.
