2025-08-05 09:25:10,952 [INFO] STARTING EXPERIMENT: latent2_base32_lossL1_img1024
2025-08-05 09:25:10,952 [INFO] Output will be saved to: /zhome/62/5/203350/ws/ImgiNav/latent2_base32_lossL1_img1024
2025-08-05 09:25:10,952 [INFO] World Size: 1
2025-08-05 09:25:10,954 [INFO] Configuration:
paths:
  output_dir: /zhome/62/5/203350/ws/ImgiNav
  image_dir: /tmp/s233249_data_25757642_2
training:
  epochs: 50
  batch_size: 32
  lr: 0.0001
  num_workers: 0
  loss: L1
  img_size: 1024
  save_interval: 10
model:
  latent_channels: 2
  base_channels: 32
run_id: latent2_base32_lossL1_img1024
local_rank: 0

2025-08-05 09:25:10,956 [INFO] Model metadata saved to /zhome/62/5/203350/ws/ImgiNav/latent2_base32_lossL1_img1024/metadata.json
2025-08-05 09:25:34,592 [INFO] Training with 4329 train and 481 val images.
2025-08-05 09:52:15,305 [INFO] Saving checkpoint at epoch 10...
2025-08-05 10:18:35,477 [INFO] Saving checkpoint at epoch 20...
2025-08-05 10:44:57,427 [INFO] Saving checkpoint at epoch 30...
2025-08-05 11:11:22,179 [INFO] Saving checkpoint at epoch 40...
2025-08-05 11:37:47,829 [INFO] Saving checkpoint at epoch 50...
2025-08-05 11:37:47,861 [INFO] Training finished. Saving final models and artifacts.
2025-08-05 11:37:48,049 [INFO] Loss curves saved to /zhome/62/5/203350/ws/ImgiNav/latent2_base32_lossL1_img1024/loss_curves.png
2025-08-05 11:37:48,052 [INFO] Training data JSON saved to /zhome/62/5/203350/ws/ImgiNav/latent2_base32_lossL1_img1024/training_data.json
2025-08-05 11:37:48,332 [INFO] Saved comparison image to /zhome/62/5/203350/ws/ImgiNav/latent2_base32_lossL1_img1024/comparison.png
2025-08-05 11:37:48,332 [INFO] Generating latent space PCA plot...
2025-08-05 11:38:02,995 [INFO] Latent space PCA plot saved to /zhome/62/5/203350/ws/ImgiNav/latent2_base32_lossL1_img1024/latent_space_pca.png
2025-08-05 11:38:02,996 [INFO] All artifacts saved successfully.
