2025-08-07 14:26:08,586 [INFO] STARTING EXPERIMENT: latent4_lossPerceptual_base32_img1024
2025-08-07 14:26:08,586 [INFO] Output will be saved to: /zhome/62/5/203350/ws/ImgiNav/ae/recolored_semantic_layouts/latent4_lossPerceptual_base32_img1024
2025-08-07 14:26:08,586 [INFO] World Size: 1
2025-08-07 14:26:08,587 [INFO] Configuration:
paths:
  output_dir: /zhome/62/5/203350/ws/ImgiNav/ae/recolored_semantic_layouts
  image_dir: /tmp/s233249_data_25766999_3
training:
  epochs: 50
  batch_size: 32
  lr: 0.0001
  num_workers: 0
  loss: Perceptual
  img_size: 1024
  save_interval: 10
model:
  latent_channels: 4
  base_channels: 32
run_id: latent4_lossPerceptual_base32_img1024
local_rank: 0

2025-08-07 14:26:08,589 [INFO] Model metadata saved to /zhome/62/5/203350/ws/ImgiNav/ae/recolored_semantic_layouts/latent4_lossPerceptual_base32_img1024/metadata.json
2025-08-07 14:26:11,235 [INFO] Training with 4329 train and 481 val images.
2025-08-07 14:59:26,666 [INFO] Saving checkpoint at epoch 10...
2025-08-07 15:32:29,666 [INFO] Saving checkpoint at epoch 20...
2025-08-07 16:05:24,640 [INFO] Saving checkpoint at epoch 30...
2025-08-07 16:38:48,929 [INFO] Saving checkpoint at epoch 40...
2025-08-07 17:12:13,989 [INFO] Saving checkpoint at epoch 50...
2025-08-07 17:12:14,014 [INFO] Training finished. Saving final models and artifacts.
2025-08-07 17:12:14,189 [INFO] Loss curves saved to /zhome/62/5/203350/ws/ImgiNav/ae/recolored_semantic_layouts/latent4_lossPerceptual_base32_img1024/loss_curves.png
2025-08-07 17:12:14,192 [INFO] Training data JSON saved to /zhome/62/5/203350/ws/ImgiNav/ae/recolored_semantic_layouts/latent4_lossPerceptual_base32_img1024/training_data.json
2025-08-07 17:12:14,457 [INFO] Saved comparison image to /zhome/62/5/203350/ws/ImgiNav/ae/recolored_semantic_layouts/latent4_lossPerceptual_base32_img1024/comparison.png
2025-08-07 17:12:14,457 [INFO] Generating latent space PCA plot...
2025-08-07 17:12:33,228 [INFO] Latent space PCA plot saved to /zhome/62/5/203350/ws/ImgiNav/ae/recolored_semantic_layouts/latent4_lossPerceptual_base32_img1024/latent_space_pca.png
2025-08-07 17:12:33,229 [INFO] All artifacts saved successfully.
