2025-08-05 12:52:22,223 [INFO] STARTING EXPERIMENT: latent6_lossMSE_base32_img1024
2025-08-05 12:52:22,223 [INFO] Output will be saved to: /zhome/62/5/203350/ws/ImgiNav/ae/latent6_lossMSE_base32_img1024
2025-08-05 12:52:22,223 [INFO] World Size: 1
2025-08-05 12:52:22,224 [INFO] Configuration:
paths:
  output_dir: /zhome/62/5/203350/ws/ImgiNav/ae
  image_dir: /tmp/s233249_data_25758230_8
training:
  epochs: 50
  batch_size: 32
  lr: 0.0001
  num_workers: 0
  loss: MSE
  img_size: 1024
  save_interval: 10
model:
  latent_channels: 6
  base_channels: 32
run_id: latent6_lossMSE_base32_img1024
local_rank: 0

2025-08-06 20:24:41,785 [INFO] STARTING EXPERIMENT: latent6_lossMSE_base32_img1024
2025-08-06 20:24:41,786 [INFO] Output will be saved to: /zhome/62/5/203350/ws/ImgiNav/ae/latent6_lossMSE_base32_img1024
2025-08-06 20:24:41,786 [INFO] World Size: 1
2025-08-06 20:24:41,787 [INFO] Configuration:
paths:
  output_dir: /zhome/62/5/203350/ws/ImgiNav/ae
  image_dir: /tmp/s233249_data_25763383_8
training:
  epochs: 50
  batch_size: 32
  lr: 0.0001
  num_workers: 0
  loss: MSE
  img_size: 1024
  save_interval: 10
model:
  latent_channels: 6
  base_channels: 32
run_id: latent6_lossMSE_base32_img1024
local_rank: 0

2025-08-06 20:24:41,791 [INFO] Model metadata saved to /zhome/62/5/203350/ws/ImgiNav/ae/latent6_lossMSE_base32_img1024/metadata.json
2025-08-06 20:24:44,533 [INFO] Training with 4329 train and 481 val images.
2025-08-06 20:58:30,756 [INFO] Saving checkpoint at epoch 10...
2025-08-06 21:32:26,846 [INFO] Saving checkpoint at epoch 20...
2025-08-06 22:06:42,198 [INFO] Saving checkpoint at epoch 30...
2025-08-06 22:40:56,218 [INFO] Saving checkpoint at epoch 40...
2025-08-06 23:15:17,556 [INFO] Saving checkpoint at epoch 50...
2025-08-06 23:15:17,582 [INFO] Training finished. Saving final models and artifacts.
2025-08-06 23:15:17,773 [INFO] Loss curves saved to /zhome/62/5/203350/ws/ImgiNav/ae/latent6_lossMSE_base32_img1024/loss_curves.png
2025-08-06 23:15:17,776 [INFO] Training data JSON saved to /zhome/62/5/203350/ws/ImgiNav/ae/latent6_lossMSE_base32_img1024/training_data.json
2025-08-06 23:15:18,122 [INFO] Saved comparison image to /zhome/62/5/203350/ws/ImgiNav/ae/latent6_lossMSE_base32_img1024/comparison.png
2025-08-06 23:15:18,122 [INFO] Generating latent space PCA plot...
2025-08-06 23:15:39,310 [INFO] Latent space PCA plot saved to /zhome/62/5/203350/ws/ImgiNav/ae/latent6_lossMSE_base32_img1024/latent_space_pca.png
2025-08-06 23:15:39,311 [INFO] All artifacts saved successfully.
