2025-08-05 12:50:56,173 [INFO] STARTING EXPERIMENT: latent5_lossL1_base32_img1024
2025-08-05 12:50:56,174 [INFO] Output will be saved to: /zhome/62/5/203350/ws/ImgiNav/ae/latent5_lossL1_base32_img1024
2025-08-05 12:50:56,174 [INFO] World Size: 1
2025-08-05 12:50:56,175 [INFO] Configuration:
paths:
  output_dir: /zhome/62/5/203350/ws/ImgiNav/ae
  image_dir: /tmp/s233249_data_25758230_4
training:
  epochs: 50
  batch_size: 32
  lr: 0.0001
  num_workers: 0
  loss: L1
  img_size: 1024
  save_interval: 10
model:
  latent_channels: 5
  base_channels: 32
run_id: latent5_lossL1_base32_img1024
local_rank: 0

2025-08-06 17:35:31,167 [INFO] STARTING EXPERIMENT: latent5_lossL1_base32_img1024
2025-08-06 17:35:31,167 [INFO] Output will be saved to: /zhome/62/5/203350/ws/ImgiNav/ae/latent5_lossL1_base32_img1024
2025-08-06 17:35:31,167 [INFO] World Size: 1
2025-08-06 17:35:31,168 [INFO] Configuration:
paths:
  output_dir: /zhome/62/5/203350/ws/ImgiNav/ae
  image_dir: /tmp/s233249_data_25763383_4
training:
  epochs: 50
  batch_size: 32
  lr: 0.0001
  num_workers: 0
  loss: L1
  img_size: 1024
  save_interval: 10
model:
  latent_channels: 5
  base_channels: 32
run_id: latent5_lossL1_base32_img1024
local_rank: 0

2025-08-06 17:35:31,171 [INFO] Model metadata saved to /zhome/62/5/203350/ws/ImgiNav/ae/latent5_lossL1_base32_img1024/metadata.json
2025-08-06 17:35:38,894 [INFO] Training with 4329 train and 481 val images.
2025-08-06 18:08:18,456 [INFO] Saving checkpoint at epoch 10...
2025-08-06 18:40:55,590 [INFO] Saving checkpoint at epoch 20...
2025-08-06 19:13:18,896 [INFO] Saving checkpoint at epoch 30...
2025-08-06 19:45:05,098 [INFO] Saving checkpoint at epoch 40...
2025-08-06 20:16:45,324 [INFO] Saving checkpoint at epoch 50...
2025-08-06 20:16:45,350 [INFO] Training finished. Saving final models and artifacts.
2025-08-06 20:16:45,524 [INFO] Loss curves saved to /zhome/62/5/203350/ws/ImgiNav/ae/latent5_lossL1_base32_img1024/loss_curves.png
2025-08-06 20:16:45,527 [INFO] Training data JSON saved to /zhome/62/5/203350/ws/ImgiNav/ae/latent5_lossL1_base32_img1024/training_data.json
2025-08-06 20:16:45,821 [INFO] Saved comparison image to /zhome/62/5/203350/ws/ImgiNav/ae/latent5_lossL1_base32_img1024/comparison.png
2025-08-06 20:16:45,821 [INFO] Generating latent space PCA plot...
2025-08-06 20:17:04,750 [INFO] Latent space PCA plot saved to /zhome/62/5/203350/ws/ImgiNav/ae/latent5_lossL1_base32_img1024/latent_space_pca.png
2025-08-06 20:17:04,751 [INFO] All artifacts saved successfully.
