2025-08-05 12:54:41,525 [INFO] STARTING EXPERIMENT: latent8_lossPerceptual_base32_img1024
2025-08-05 12:54:41,525 [INFO] Output will be saved to: /zhome/62/5/203350/ws/ImgiNav/ae/latent8_lossPerceptual_base32_img1024
2025-08-05 12:54:41,525 [INFO] World Size: 1
2025-08-05 12:54:41,526 [INFO] Configuration:
paths:
  output_dir: /zhome/62/5/203350/ws/ImgiNav/ae
  image_dir: /tmp/s233249_data_25758230_15
training:
  epochs: 50
  batch_size: 32
  lr: 0.0001
  num_workers: 0
  loss: Perceptual
  img_size: 1024
  save_interval: 10
model:
  latent_channels: 8
  base_channels: 32
run_id: latent8_lossPerceptual_base32_img1024
local_rank: 0

2025-08-07 03:56:35,644 [INFO] STARTING EXPERIMENT: latent8_lossPerceptual_base32_img1024
2025-08-07 03:56:35,645 [INFO] Output will be saved to: /zhome/62/5/203350/ws/ImgiNav/ae/latent8_lossPerceptual_base32_img1024
2025-08-07 03:56:35,645 [INFO] World Size: 1
2025-08-07 03:56:35,646 [INFO] Configuration:
paths:
  output_dir: /zhome/62/5/203350/ws/ImgiNav/ae
  image_dir: /tmp/s233249_data_25763383_15
training:
  epochs: 50
  batch_size: 32
  lr: 0.0001
  num_workers: 0
  loss: Perceptual
  img_size: 1024
  save_interval: 10
model:
  latent_channels: 8
  base_channels: 32
run_id: latent8_lossPerceptual_base32_img1024
local_rank: 0

2025-08-07 03:56:35,649 [INFO] Model metadata saved to /zhome/62/5/203350/ws/ImgiNav/ae/latent8_lossPerceptual_base32_img1024/metadata.json
2025-08-07 03:56:38,957 [INFO] Training with 4329 train and 481 val images.
2025-08-07 04:30:12,819 [INFO] Saving checkpoint at epoch 10...
2025-08-07 05:02:52,596 [INFO] Saving checkpoint at epoch 20...
2025-08-07 05:35:09,496 [INFO] Saving checkpoint at epoch 30...
2025-08-07 06:07:32,719 [INFO] Saving checkpoint at epoch 40...
2025-08-07 06:40:06,622 [INFO] Saving checkpoint at epoch 50...
2025-08-07 06:40:06,647 [INFO] Training finished. Saving final models and artifacts.
2025-08-07 06:40:06,826 [INFO] Loss curves saved to /zhome/62/5/203350/ws/ImgiNav/ae/latent8_lossPerceptual_base32_img1024/loss_curves.png
2025-08-07 06:40:06,828 [INFO] Training data JSON saved to /zhome/62/5/203350/ws/ImgiNav/ae/latent8_lossPerceptual_base32_img1024/training_data.json
2025-08-07 06:40:07,130 [INFO] Saved comparison image to /zhome/62/5/203350/ws/ImgiNav/ae/latent8_lossPerceptual_base32_img1024/comparison.png
2025-08-07 06:40:07,130 [INFO] Generating latent space PCA plot...
2025-08-07 06:40:26,758 [INFO] Latent space PCA plot saved to /zhome/62/5/203350/ws/ImgiNav/ae/latent8_lossPerceptual_base32_img1024/latent_space_pca.png
2025-08-07 06:40:26,759 [INFO] All artifacts saved successfully.
