2025-08-07 22:14:09,007 [INFO] STARTING EXPERIMENT: latent7_lossPerceptual_base32_img1024
2025-08-07 22:14:09,008 [INFO] Output will be saved to: /zhome/62/5/203350/ws/ImgiNav/ae/recolored_semantic_layouts/latent7_lossPerceptual_base32_img1024
2025-08-07 22:14:09,008 [INFO] World Size: 1
2025-08-07 22:14:09,009 [INFO] Configuration:
paths:
  output_dir: /zhome/62/5/203350/ws/ImgiNav/ae/recolored_semantic_layouts
  image_dir: /tmp/s233249_data_25766999_12
training:
  epochs: 50
  batch_size: 32
  lr: 0.0001
  num_workers: 0
  loss: Perceptual
  img_size: 1024
  save_interval: 10
model:
  latent_channels: 7
  base_channels: 32
run_id: latent7_lossPerceptual_base32_img1024
local_rank: 0

2025-08-07 22:14:09,012 [INFO] Model metadata saved to /zhome/62/5/203350/ws/ImgiNav/ae/recolored_semantic_layouts/latent7_lossPerceptual_base32_img1024/metadata.json
2025-08-07 22:14:12,559 [INFO] Training with 4329 train and 481 val images.
2025-08-07 22:41:15,560 [INFO] Saving checkpoint at epoch 10...
2025-08-07 23:08:08,975 [INFO] Saving checkpoint at epoch 20...
2025-08-07 23:34:41,783 [INFO] Saving checkpoint at epoch 30...
2025-08-08 00:01:36,727 [INFO] Saving checkpoint at epoch 40...
2025-08-08 00:28:29,081 [INFO] Saving checkpoint at epoch 50...
2025-08-08 00:28:29,112 [INFO] Training finished. Saving final models and artifacts.
2025-08-08 00:28:29,293 [INFO] Loss curves saved to /zhome/62/5/203350/ws/ImgiNav/ae/recolored_semantic_layouts/latent7_lossPerceptual_base32_img1024/loss_curves.png
2025-08-08 00:28:29,296 [INFO] Training data JSON saved to /zhome/62/5/203350/ws/ImgiNav/ae/recolored_semantic_layouts/latent7_lossPerceptual_base32_img1024/training_data.json
2025-08-08 00:28:29,495 [INFO] Saved comparison image to /zhome/62/5/203350/ws/ImgiNav/ae/recolored_semantic_layouts/latent7_lossPerceptual_base32_img1024/comparison.png
2025-08-08 00:28:29,495 [INFO] Generating latent space PCA plot...
2025-08-08 00:28:44,862 [INFO] Latent space PCA plot saved to /zhome/62/5/203350/ws/ImgiNav/ae/recolored_semantic_layouts/latent7_lossPerceptual_base32_img1024/latent_space_pca.png
2025-08-08 00:28:44,863 [INFO] All artifacts saved successfully.
