2025-08-05 12:50:13,747 [INFO] STARTING EXPERIMENT: latent4_lossMSE_base32_img1024
2025-08-05 12:50:13,748 [INFO] Output will be saved to: /zhome/62/5/203350/ws/ImgiNav/ae/latent4_lossMSE_base32_img1024
2025-08-05 12:50:13,748 [INFO] World Size: 1
2025-08-05 12:50:13,749 [INFO] Configuration:
paths:
  output_dir: /zhome/62/5/203350/ws/ImgiNav/ae
  image_dir: /tmp/s233249_data_25758230_2
training:
  epochs: 50
  batch_size: 32
  lr: 0.0001
  num_workers: 0
  loss: MSE
  img_size: 1024
  save_interval: 10
model:
  latent_channels: 4
  base_channels: 32
run_id: latent4_lossMSE_base32_img1024
local_rank: 0

2025-08-06 08:46:17,131 [INFO] STARTING EXPERIMENT: latent4_lossMSE_base32_img1024
2025-08-06 08:46:17,132 [INFO] Output will be saved to: /zhome/62/5/203350/ws/ImgiNav/ae/latent4_lossMSE_base32_img1024
2025-08-06 08:46:17,132 [INFO] World Size: 1
2025-08-06 08:46:17,133 [INFO] Configuration:
paths:
  output_dir: /zhome/62/5/203350/ws/ImgiNav/ae
  image_dir: /tmp/s233249_data_25763383_2
training:
  epochs: 50
  batch_size: 32
  lr: 0.0001
  num_workers: 0
  loss: MSE
  img_size: 1024
  save_interval: 10
model:
  latent_channels: 4
  base_channels: 32
run_id: latent4_lossMSE_base32_img1024
local_rank: 0

2025-08-06 08:46:17,137 [INFO] Model metadata saved to /zhome/62/5/203350/ws/ImgiNav/ae/latent4_lossMSE_base32_img1024/metadata.json
2025-08-06 08:46:30,360 [INFO] Training with 4329 train and 481 val images.
2025-08-06 09:19:16,912 [INFO] Saving checkpoint at epoch 10...
2025-08-06 09:51:52,462 [INFO] Saving checkpoint at epoch 20...
2025-08-06 10:24:33,470 [INFO] Saving checkpoint at epoch 30...
2025-08-06 10:57:08,753 [INFO] Saving checkpoint at epoch 40...
2025-08-06 11:29:52,326 [INFO] Saving checkpoint at epoch 50...
2025-08-06 11:29:52,351 [INFO] Training finished. Saving final models and artifacts.
2025-08-06 11:29:53,227 [INFO] Loss curves saved to /zhome/62/5/203350/ws/ImgiNav/ae/latent4_lossMSE_base32_img1024/loss_curves.png
2025-08-06 11:29:53,230 [INFO] Training data JSON saved to /zhome/62/5/203350/ws/ImgiNav/ae/latent4_lossMSE_base32_img1024/training_data.json
2025-08-06 11:29:53,633 [INFO] Saved comparison image to /zhome/62/5/203350/ws/ImgiNav/ae/latent4_lossMSE_base32_img1024/comparison.png
2025-08-06 11:29:53,633 [INFO] Generating latent space PCA plot...
2025-08-06 11:30:14,360 [INFO] Latent space PCA plot saved to /zhome/62/5/203350/ws/ImgiNav/ae/latent4_lossMSE_base32_img1024/latent_space_pca.png
2025-08-06 11:30:14,361 [INFO] All artifacts saved successfully.
