2025-08-07 21:15:38,370 [INFO] STARTING EXPERIMENT: latent7_lossL1_base32_img1024
2025-08-07 21:15:38,370 [INFO] Output will be saved to: /zhome/62/5/203350/ws/ImgiNav/ae/recolored_semantic_layouts/latent7_lossL1_base32_img1024
2025-08-07 21:15:38,370 [INFO] World Size: 1
2025-08-07 21:15:38,371 [INFO] Configuration:
paths:
  output_dir: /zhome/62/5/203350/ws/ImgiNav/ae/recolored_semantic_layouts
  image_dir: /tmp/s233249_data_25766999_10
training:
  epochs: 50
  batch_size: 32
  lr: 0.0001
  num_workers: 0
  loss: L1
  img_size: 1024
  save_interval: 10
model:
  latent_channels: 7
  base_channels: 32
run_id: latent7_lossL1_base32_img1024
local_rank: 0

2025-08-07 21:15:38,374 [INFO] Model metadata saved to /zhome/62/5/203350/ws/ImgiNav/ae/recolored_semantic_layouts/latent7_lossL1_base32_img1024/metadata.json
2025-08-07 21:15:41,321 [INFO] Training with 4329 train and 481 val images.
2025-08-07 21:48:59,135 [INFO] Saving checkpoint at epoch 10...
2025-08-07 22:21:42,933 [INFO] Saving checkpoint at epoch 20...
2025-08-07 22:54:17,937 [INFO] Saving checkpoint at epoch 30...
2025-08-07 23:27:07,437 [INFO] Saving checkpoint at epoch 40...
2025-08-08 00:00:15,765 [INFO] Saving checkpoint at epoch 50...
2025-08-08 00:00:15,790 [INFO] Training finished. Saving final models and artifacts.
2025-08-08 00:00:15,984 [INFO] Loss curves saved to /zhome/62/5/203350/ws/ImgiNav/ae/recolored_semantic_layouts/latent7_lossL1_base32_img1024/loss_curves.png
2025-08-08 00:00:15,987 [INFO] Training data JSON saved to /zhome/62/5/203350/ws/ImgiNav/ae/recolored_semantic_layouts/latent7_lossL1_base32_img1024/training_data.json
2025-08-08 00:00:16,214 [INFO] Saved comparison image to /zhome/62/5/203350/ws/ImgiNav/ae/recolored_semantic_layouts/latent7_lossL1_base32_img1024/comparison.png
2025-08-08 00:00:16,215 [INFO] Generating latent space PCA plot...
2025-08-08 00:00:36,936 [INFO] Latent space PCA plot saved to /zhome/62/5/203350/ws/ImgiNav/ae/recolored_semantic_layouts/latent7_lossL1_base32_img1024/latent_space_pca.png
2025-08-08 00:00:36,936 [INFO] All artifacts saved successfully.
