2025-08-07 18:32:11,166 [INFO] STARTING EXPERIMENT: latent6_lossL1_base32_img1024
2025-08-07 18:32:11,166 [INFO] Output will be saved to: /zhome/62/5/203350/ws/ImgiNav/ae/recolored_semantic_layouts/latent6_lossL1_base32_img1024
2025-08-07 18:32:11,166 [INFO] World Size: 1
2025-08-07 18:32:11,167 [INFO] Configuration:
paths:
  output_dir: /zhome/62/5/203350/ws/ImgiNav/ae/recolored_semantic_layouts
  image_dir: /tmp/s233249_data_25766999_7
training:
  epochs: 50
  batch_size: 32
  lr: 0.0001
  num_workers: 0
  loss: L1
  img_size: 1024
  save_interval: 10
model:
  latent_channels: 6
  base_channels: 32
run_id: latent6_lossL1_base32_img1024
local_rank: 0

2025-08-07 18:32:11,169 [INFO] Model metadata saved to /zhome/62/5/203350/ws/ImgiNav/ae/recolored_semantic_layouts/latent6_lossL1_base32_img1024/metadata.json
2025-08-07 18:32:14,333 [INFO] Training with 4329 train and 481 val images.
2025-08-07 19:05:23,455 [INFO] Saving checkpoint at epoch 10...
2025-08-07 19:38:19,540 [INFO] Saving checkpoint at epoch 20...
2025-08-07 20:09:58,412 [INFO] Saving checkpoint at epoch 30...
2025-08-07 20:43:08,910 [INFO] Saving checkpoint at epoch 40...
2025-08-07 21:14:57,382 [INFO] Saving checkpoint at epoch 50...
2025-08-07 21:14:57,407 [INFO] Training finished. Saving final models and artifacts.
2025-08-07 21:14:57,584 [INFO] Loss curves saved to /zhome/62/5/203350/ws/ImgiNav/ae/recolored_semantic_layouts/latent6_lossL1_base32_img1024/loss_curves.png
2025-08-07 21:14:57,587 [INFO] Training data JSON saved to /zhome/62/5/203350/ws/ImgiNav/ae/recolored_semantic_layouts/latent6_lossL1_base32_img1024/training_data.json
2025-08-07 21:14:57,814 [INFO] Saved comparison image to /zhome/62/5/203350/ws/ImgiNav/ae/recolored_semantic_layouts/latent6_lossL1_base32_img1024/comparison.png
2025-08-07 21:14:57,814 [INFO] Generating latent space PCA plot...
2025-08-07 21:15:17,591 [INFO] Latent space PCA plot saved to /zhome/62/5/203350/ws/ImgiNav/ae/recolored_semantic_layouts/latent6_lossL1_base32_img1024/latent_space_pca.png
2025-08-07 21:15:17,592 [INFO] All artifacts saved successfully.
