2025-08-08 00:01:07,159 [INFO] STARTING EXPERIMENT: latent8_lossL1_base32_img1024
2025-08-08 00:01:07,160 [INFO] Output will be saved to: /zhome/62/5/203350/ws/ImgiNav/ae/recolored_semantic_layouts/latent8_lossL1_base32_img1024
2025-08-08 00:01:07,160 [INFO] World Size: 1
2025-08-08 00:01:07,161 [INFO] Configuration:
paths:
  output_dir: /zhome/62/5/203350/ws/ImgiNav/ae/recolored_semantic_layouts
  image_dir: /tmp/s233249_data_25766999_13
training:
  epochs: 50
  batch_size: 32
  lr: 0.0001
  num_workers: 0
  loss: L1
  img_size: 1024
  save_interval: 10
model:
  latent_channels: 8
  base_channels: 32
run_id: latent8_lossL1_base32_img1024
local_rank: 0

2025-08-08 00:01:07,164 [INFO] Model metadata saved to /zhome/62/5/203350/ws/ImgiNav/ae/recolored_semantic_layouts/latent8_lossL1_base32_img1024/metadata.json
2025-08-08 00:01:10,923 [INFO] Training with 4329 train and 481 val images.
2025-08-08 00:28:53,759 [INFO] Saving checkpoint at epoch 10...
2025-08-08 00:56:40,449 [INFO] Saving checkpoint at epoch 20...
2025-08-08 01:24:26,668 [INFO] Saving checkpoint at epoch 30...
2025-08-08 01:51:43,094 [INFO] Saving checkpoint at epoch 40...
2025-08-08 02:19:10,814 [INFO] Saving checkpoint at epoch 50...
2025-08-08 02:19:10,848 [INFO] Training finished. Saving final models and artifacts.
2025-08-08 02:19:11,053 [INFO] Loss curves saved to /zhome/62/5/203350/ws/ImgiNav/ae/recolored_semantic_layouts/latent8_lossL1_base32_img1024/loss_curves.png
2025-08-08 02:19:11,056 [INFO] Training data JSON saved to /zhome/62/5/203350/ws/ImgiNav/ae/recolored_semantic_layouts/latent8_lossL1_base32_img1024/training_data.json
2025-08-08 02:19:11,273 [INFO] Saved comparison image to /zhome/62/5/203350/ws/ImgiNav/ae/recolored_semantic_layouts/latent8_lossL1_base32_img1024/comparison.png
2025-08-08 02:19:11,274 [INFO] Generating latent space PCA plot...
2025-08-08 02:19:28,451 [INFO] Latent space PCA plot saved to /zhome/62/5/203350/ws/ImgiNav/ae/recolored_semantic_layouts/latent8_lossL1_base32_img1024/latent_space_pca.png
2025-08-08 02:19:28,452 [INFO] All artifacts saved successfully.
