2025-08-08 00:29:05,978 [INFO] STARTING EXPERIMENT: latent8_lossMSE_base32_img1024
2025-08-08 00:29:05,978 [INFO] Output will be saved to: /zhome/62/5/203350/ws/ImgiNav/ae/recolored_semantic_layouts/latent8_lossMSE_base32_img1024
2025-08-08 00:29:05,978 [INFO] World Size: 1
2025-08-08 00:29:05,979 [INFO] Configuration:
paths:
  output_dir: /zhome/62/5/203350/ws/ImgiNav/ae/recolored_semantic_layouts
  image_dir: /tmp/s233249_data_25766999_14
training:
  epochs: 50
  batch_size: 32
  lr: 0.0001
  num_workers: 0
  loss: MSE
  img_size: 1024
  save_interval: 10
model:
  latent_channels: 8
  base_channels: 32
run_id: latent8_lossMSE_base32_img1024
local_rank: 0

2025-08-08 00:29:05,982 [INFO] Model metadata saved to /zhome/62/5/203350/ws/ImgiNav/ae/recolored_semantic_layouts/latent8_lossMSE_base32_img1024/metadata.json
2025-08-08 00:29:09,185 [INFO] Training with 4329 train and 481 val images.
2025-08-08 01:01:00,726 [INFO] Saving checkpoint at epoch 10...
2025-08-08 01:32:45,857 [INFO] Saving checkpoint at epoch 20...
2025-08-08 02:04:32,506 [INFO] Saving checkpoint at epoch 30...
2025-08-08 02:36:13,778 [INFO] Saving checkpoint at epoch 40...
2025-08-08 03:07:40,180 [INFO] Saving checkpoint at epoch 50...
2025-08-08 03:07:40,207 [INFO] Training finished. Saving final models and artifacts.
2025-08-08 03:07:40,384 [INFO] Loss curves saved to /zhome/62/5/203350/ws/ImgiNav/ae/recolored_semantic_layouts/latent8_lossMSE_base32_img1024/loss_curves.png
2025-08-08 03:07:40,387 [INFO] Training data JSON saved to /zhome/62/5/203350/ws/ImgiNav/ae/recolored_semantic_layouts/latent8_lossMSE_base32_img1024/training_data.json
2025-08-08 03:07:40,613 [INFO] Saved comparison image to /zhome/62/5/203350/ws/ImgiNav/ae/recolored_semantic_layouts/latent8_lossMSE_base32_img1024/comparison.png
2025-08-08 03:07:40,613 [INFO] Generating latent space PCA plot...
2025-08-08 03:08:00,635 [INFO] Latent space PCA plot saved to /zhome/62/5/203350/ws/ImgiNav/ae/recolored_semantic_layouts/latent8_lossMSE_base32_img1024/latent_space_pca.png
2025-08-08 03:08:00,636 [INFO] All artifacts saved successfully.
