2025-08-05 12:54:22,487 [INFO] STARTING EXPERIMENT: latent8_lossMSE_base32_img1024
2025-08-05 12:54:22,487 [INFO] Output will be saved to: /zhome/62/5/203350/ws/ImgiNav/ae/latent8_lossMSE_base32_img1024
2025-08-05 12:54:22,487 [INFO] World Size: 1
2025-08-05 12:54:22,489 [INFO] Configuration:
paths:
  output_dir: /zhome/62/5/203350/ws/ImgiNav/ae
  image_dir: /tmp/s233249_data_25758230_14
training:
  epochs: 50
  batch_size: 32
  lr: 0.0001
  num_workers: 0
  loss: MSE
  img_size: 1024
  save_interval: 10
model:
  latent_channels: 8
  base_channels: 32
run_id: latent8_lossMSE_base32_img1024
local_rank: 0

2025-08-07 02:56:18,476 [INFO] STARTING EXPERIMENT: latent8_lossMSE_base32_img1024
2025-08-07 02:56:18,477 [INFO] Output will be saved to: /zhome/62/5/203350/ws/ImgiNav/ae/latent8_lossMSE_base32_img1024
2025-08-07 02:56:18,477 [INFO] World Size: 1
2025-08-07 02:56:18,478 [INFO] Configuration:
paths:
  output_dir: /zhome/62/5/203350/ws/ImgiNav/ae
  image_dir: /tmp/s233249_data_25763383_14
training:
  epochs: 50
  batch_size: 32
  lr: 0.0001
  num_workers: 0
  loss: MSE
  img_size: 1024
  save_interval: 10
model:
  latent_channels: 8
  base_channels: 32
run_id: latent8_lossMSE_base32_img1024
local_rank: 0

2025-08-07 02:56:18,481 [INFO] Model metadata saved to /zhome/62/5/203350/ws/ImgiNav/ae/latent8_lossMSE_base32_img1024/metadata.json
2025-08-07 02:56:21,132 [INFO] Training with 4329 train and 481 val images.
2025-08-07 03:29:56,093 [INFO] Saving checkpoint at epoch 10...
2025-08-07 04:03:40,163 [INFO] Saving checkpoint at epoch 20...
2025-08-07 04:37:24,188 [INFO] Saving checkpoint at epoch 30...
2025-08-07 05:10:48,905 [INFO] Saving checkpoint at epoch 40...
2025-08-07 05:43:46,200 [INFO] Saving checkpoint at epoch 50...
2025-08-07 05:43:46,225 [INFO] Training finished. Saving final models and artifacts.
2025-08-07 05:43:46,410 [INFO] Loss curves saved to /zhome/62/5/203350/ws/ImgiNav/ae/latent8_lossMSE_base32_img1024/loss_curves.png
2025-08-07 05:43:46,413 [INFO] Training data JSON saved to /zhome/62/5/203350/ws/ImgiNav/ae/latent8_lossMSE_base32_img1024/training_data.json
2025-08-07 05:43:46,745 [INFO] Saved comparison image to /zhome/62/5/203350/ws/ImgiNav/ae/latent8_lossMSE_base32_img1024/comparison.png
2025-08-07 05:43:46,746 [INFO] Generating latent space PCA plot...
2025-08-07 05:44:06,807 [INFO] Latent space PCA plot saved to /zhome/62/5/203350/ws/ImgiNav/ae/latent8_lossMSE_base32_img1024/latent_space_pca.png
2025-08-07 05:44:06,807 [INFO] All artifacts saved successfully.
