2025-08-05 12:51:18,146 [INFO] STARTING EXPERIMENT: latent5_lossMSE_base32_img1024
2025-08-05 12:51:18,147 [INFO] Output will be saved to: /zhome/62/5/203350/ws/ImgiNav/ae/latent5_lossMSE_base32_img1024
2025-08-05 12:51:18,147 [INFO] World Size: 1
2025-08-05 12:51:18,148 [INFO] Configuration:
paths:
  output_dir: /zhome/62/5/203350/ws/ImgiNav/ae
  image_dir: /tmp/s233249_data_25758230_5
training:
  epochs: 50
  batch_size: 32
  lr: 0.0001
  num_workers: 0
  loss: MSE
  img_size: 1024
  save_interval: 10
model:
  latent_channels: 5
  base_channels: 32
run_id: latent5_lossMSE_base32_img1024
local_rank: 0

2025-08-06 17:36:23,340 [INFO] STARTING EXPERIMENT: latent5_lossMSE_base32_img1024
2025-08-06 17:36:23,341 [INFO] Output will be saved to: /zhome/62/5/203350/ws/ImgiNav/ae/latent5_lossMSE_base32_img1024
2025-08-06 17:36:23,341 [INFO] World Size: 1
2025-08-06 17:36:23,342 [INFO] Configuration:
paths:
  output_dir: /zhome/62/5/203350/ws/ImgiNav/ae
  image_dir: /tmp/s233249_data_25763383_5
training:
  epochs: 50
  batch_size: 32
  lr: 0.0001
  num_workers: 0
  loss: MSE
  img_size: 1024
  save_interval: 10
model:
  latent_channels: 5
  base_channels: 32
run_id: latent5_lossMSE_base32_img1024
local_rank: 0

2025-08-06 17:36:23,345 [INFO] Model metadata saved to /zhome/62/5/203350/ws/ImgiNav/ae/latent5_lossMSE_base32_img1024/metadata.json
2025-08-06 17:36:26,093 [INFO] Training with 4329 train and 481 val images.
2025-08-06 18:10:23,057 [INFO] Saving checkpoint at epoch 10...
2025-08-06 18:43:45,431 [INFO] Saving checkpoint at epoch 20...
2025-08-06 19:16:35,181 [INFO] Saving checkpoint at epoch 30...
2025-08-06 19:50:00,855 [INFO] Saving checkpoint at epoch 40...
2025-08-06 20:24:04,112 [INFO] Saving checkpoint at epoch 50...
2025-08-06 20:24:04,137 [INFO] Training finished. Saving final models and artifacts.
2025-08-06 20:24:04,317 [INFO] Loss curves saved to /zhome/62/5/203350/ws/ImgiNav/ae/latent5_lossMSE_base32_img1024/loss_curves.png
2025-08-06 20:24:04,319 [INFO] Training data JSON saved to /zhome/62/5/203350/ws/ImgiNav/ae/latent5_lossMSE_base32_img1024/training_data.json
2025-08-06 20:24:04,629 [INFO] Saved comparison image to /zhome/62/5/203350/ws/ImgiNav/ae/latent5_lossMSE_base32_img1024/comparison.png
2025-08-06 20:24:04,630 [INFO] Generating latent space PCA plot...
2025-08-06 20:24:24,589 [INFO] Latent space PCA plot saved to /zhome/62/5/203350/ws/ImgiNav/ae/latent5_lossMSE_base32_img1024/latent_space_pca.png
2025-08-06 20:24:24,589 [INFO] All artifacts saved successfully.
