2025-08-05 12:53:22,992 [INFO] STARTING EXPERIMENT: latent7_lossMSE_base32_img1024
2025-08-05 12:53:22,992 [INFO] Output will be saved to: /zhome/62/5/203350/ws/ImgiNav/ae/latent7_lossMSE_base32_img1024
2025-08-05 12:53:22,992 [INFO] World Size: 1
2025-08-05 12:53:22,994 [INFO] Configuration:
paths:
  output_dir: /zhome/62/5/203350/ws/ImgiNav/ae
  image_dir: /tmp/s233249_data_25758230_11
training:
  epochs: 50
  batch_size: 32
  lr: 0.0001
  num_workers: 0
  loss: MSE
  img_size: 1024
  save_interval: 10
model:
  latent_channels: 7
  base_channels: 32
run_id: latent7_lossMSE_base32_img1024
local_rank: 0

2025-08-07 00:07:58,677 [INFO] STARTING EXPERIMENT: latent7_lossMSE_base32_img1024
2025-08-07 00:07:58,678 [INFO] Output will be saved to: /zhome/62/5/203350/ws/ImgiNav/ae/latent7_lossMSE_base32_img1024
2025-08-07 00:07:58,678 [INFO] World Size: 1
2025-08-07 00:07:58,679 [INFO] Configuration:
paths:
  output_dir: /zhome/62/5/203350/ws/ImgiNav/ae
  image_dir: /tmp/s233249_data_25763383_11
training:
  epochs: 50
  batch_size: 32
  lr: 0.0001
  num_workers: 0
  loss: MSE
  img_size: 1024
  save_interval: 10
model:
  latent_channels: 7
  base_channels: 32
run_id: latent7_lossMSE_base32_img1024
local_rank: 0

2025-08-07 00:07:58,682 [INFO] Model metadata saved to /zhome/62/5/203350/ws/ImgiNav/ae/latent7_lossMSE_base32_img1024/metadata.json
2025-08-07 00:08:01,317 [INFO] Training with 4329 train and 481 val images.
2025-08-07 00:41:46,975 [INFO] Saving checkpoint at epoch 10...
2025-08-07 01:15:13,962 [INFO] Saving checkpoint at epoch 20...
2025-08-07 01:48:39,592 [INFO] Saving checkpoint at epoch 30...
2025-08-07 02:22:08,514 [INFO] Saving checkpoint at epoch 40...
2025-08-07 02:55:41,287 [INFO] Saving checkpoint at epoch 50...
2025-08-07 02:55:41,312 [INFO] Training finished. Saving final models and artifacts.
2025-08-07 02:55:41,501 [INFO] Loss curves saved to /zhome/62/5/203350/ws/ImgiNav/ae/latent7_lossMSE_base32_img1024/loss_curves.png
2025-08-07 02:55:41,503 [INFO] Training data JSON saved to /zhome/62/5/203350/ws/ImgiNav/ae/latent7_lossMSE_base32_img1024/training_data.json
2025-08-07 02:55:41,838 [INFO] Saved comparison image to /zhome/62/5/203350/ws/ImgiNav/ae/latent7_lossMSE_base32_img1024/comparison.png
2025-08-07 02:55:41,838 [INFO] Generating latent space PCA plot...
2025-08-07 02:56:02,721 [INFO] Latent space PCA plot saved to /zhome/62/5/203350/ws/ImgiNav/ae/latent7_lossMSE_base32_img1024/latent_space_pca.png
2025-08-07 02:56:02,722 [INFO] All artifacts saved successfully.
