2025-08-07 19:26:17,371 [INFO] STARTING EXPERIMENT: latent6_lossMSE_base32_img1024
2025-08-07 19:26:17,371 [INFO] Output will be saved to: /zhome/62/5/203350/ws/ImgiNav/ae/recolored_semantic_layouts/latent6_lossMSE_base32_img1024
2025-08-07 19:26:17,371 [INFO] World Size: 1
2025-08-07 19:26:17,373 [INFO] Configuration:
paths:
  output_dir: /zhome/62/5/203350/ws/ImgiNav/ae/recolored_semantic_layouts
  image_dir: /tmp/s233249_data_25766999_8
training:
  epochs: 50
  batch_size: 32
  lr: 0.0001
  num_workers: 0
  loss: MSE
  img_size: 1024
  save_interval: 10
model:
  latent_channels: 6
  base_channels: 32
run_id: latent6_lossMSE_base32_img1024
local_rank: 0

2025-08-07 19:26:17,375 [INFO] Model metadata saved to /zhome/62/5/203350/ws/ImgiNav/ae/recolored_semantic_layouts/latent6_lossMSE_base32_img1024/metadata.json
2025-08-07 19:26:20,084 [INFO] Training with 4329 train and 481 val images.
2025-08-07 19:59:26,332 [INFO] Saving checkpoint at epoch 10...
2025-08-07 20:32:28,574 [INFO] Saving checkpoint at epoch 20...
2025-08-07 21:05:35,566 [INFO] Saving checkpoint at epoch 30...
2025-08-07 21:38:34,392 [INFO] Saving checkpoint at epoch 40...
2025-08-07 22:11:32,124 [INFO] Saving checkpoint at epoch 50...
2025-08-07 22:11:32,150 [INFO] Training finished. Saving final models and artifacts.
2025-08-07 22:11:32,339 [INFO] Loss curves saved to /zhome/62/5/203350/ws/ImgiNav/ae/recolored_semantic_layouts/latent6_lossMSE_base32_img1024/loss_curves.png
2025-08-07 22:11:32,342 [INFO] Training data JSON saved to /zhome/62/5/203350/ws/ImgiNav/ae/recolored_semantic_layouts/latent6_lossMSE_base32_img1024/training_data.json
2025-08-07 22:11:32,583 [INFO] Saved comparison image to /zhome/62/5/203350/ws/ImgiNav/ae/recolored_semantic_layouts/latent6_lossMSE_base32_img1024/comparison.png
2025-08-07 22:11:32,583 [INFO] Generating latent space PCA plot...
2025-08-07 22:11:53,336 [INFO] Latent space PCA plot saved to /zhome/62/5/203350/ws/ImgiNav/ae/recolored_semantic_layouts/latent6_lossMSE_base32_img1024/latent_space_pca.png
2025-08-07 22:11:53,336 [INFO] All artifacts saved successfully.
