2025-08-07 16:40:34,463 [INFO] STARTING EXPERIMENT: latent5_lossMSE_base32_img1024
2025-08-07 16:40:34,463 [INFO] Output will be saved to: /zhome/62/5/203350/ws/ImgiNav/ae/recolored_semantic_layouts/latent5_lossMSE_base32_img1024
2025-08-07 16:40:34,463 [INFO] World Size: 1
2025-08-07 16:40:34,464 [INFO] Configuration:
paths:
  output_dir: /zhome/62/5/203350/ws/ImgiNav/ae/recolored_semantic_layouts
  image_dir: /tmp/s233249_data_25766999_5
training:
  epochs: 50
  batch_size: 32
  lr: 0.0001
  num_workers: 0
  loss: MSE
  img_size: 1024
  save_interval: 10
model:
  latent_channels: 5
  base_channels: 32
run_id: latent5_lossMSE_base32_img1024
local_rank: 0

2025-08-07 16:40:34,466 [INFO] Model metadata saved to /zhome/62/5/203350/ws/ImgiNav/ae/recolored_semantic_layouts/latent5_lossMSE_base32_img1024/metadata.json
2025-08-07 16:40:37,927 [INFO] Training with 4329 train and 481 val images.
2025-08-07 17:13:46,695 [INFO] Saving checkpoint at epoch 10...
2025-08-07 17:47:02,959 [INFO] Saving checkpoint at epoch 20...
2025-08-07 18:20:11,453 [INFO] Saving checkpoint at epoch 30...
2025-08-07 18:53:06,958 [INFO] Saving checkpoint at epoch 40...
2025-08-07 19:25:38,066 [INFO] Saving checkpoint at epoch 50...
2025-08-07 19:25:38,091 [INFO] Training finished. Saving final models and artifacts.
2025-08-07 19:25:38,279 [INFO] Loss curves saved to /zhome/62/5/203350/ws/ImgiNav/ae/recolored_semantic_layouts/latent5_lossMSE_base32_img1024/loss_curves.png
2025-08-07 19:25:38,282 [INFO] Training data JSON saved to /zhome/62/5/203350/ws/ImgiNav/ae/recolored_semantic_layouts/latent5_lossMSE_base32_img1024/training_data.json
2025-08-07 19:25:38,521 [INFO] Saved comparison image to /zhome/62/5/203350/ws/ImgiNav/ae/recolored_semantic_layouts/latent5_lossMSE_base32_img1024/comparison.png
2025-08-07 19:25:38,522 [INFO] Generating latent space PCA plot...
2025-08-07 19:25:58,668 [INFO] Latent space PCA plot saved to /zhome/62/5/203350/ws/ImgiNav/ae/recolored_semantic_layouts/latent5_lossMSE_base32_img1024/latent_space_pca.png
2025-08-07 19:25:58,669 [INFO] All artifacts saved successfully.
