2025-08-05 12:50:36,004 [INFO] STARTING EXPERIMENT: latent4_lossPerceptual_base32_img1024
2025-08-05 12:50:36,005 [INFO] Output will be saved to: /zhome/62/5/203350/ws/ImgiNav/ae/latent4_lossPerceptual_base32_img1024
2025-08-05 12:50:36,005 [INFO] World Size: 1
2025-08-05 12:50:36,006 [INFO] Configuration:
paths:
  output_dir: /zhome/62/5/203350/ws/ImgiNav/ae
  image_dir: /tmp/s233249_data_25758230_3
training:
  epochs: 50
  batch_size: 32
  lr: 0.0001
  num_workers: 0
  loss: Perceptual
  img_size: 1024
  save_interval: 10
model:
  latent_channels: 4
  base_channels: 32
run_id: latent4_lossPerceptual_base32_img1024
local_rank: 0

2025-08-06 08:46:17,133 [INFO] STARTING EXPERIMENT: latent4_lossPerceptual_base32_img1024
2025-08-06 08:46:17,133 [INFO] Output will be saved to: /zhome/62/5/203350/ws/ImgiNav/ae/latent4_lossPerceptual_base32_img1024
2025-08-06 08:46:17,133 [INFO] World Size: 1
2025-08-06 08:46:17,135 [INFO] Configuration:
paths:
  output_dir: /zhome/62/5/203350/ws/ImgiNav/ae
  image_dir: /tmp/s233249_data_25763383_3
training:
  epochs: 50
  batch_size: 32
  lr: 0.0001
  num_workers: 0
  loss: Perceptual
  img_size: 1024
  save_interval: 10
model:
  latent_channels: 4
  base_channels: 32
run_id: latent4_lossPerceptual_base32_img1024
local_rank: 0

2025-08-06 08:46:17,138 [INFO] Model metadata saved to /zhome/62/5/203350/ws/ImgiNav/ae/latent4_lossPerceptual_base32_img1024/metadata.json
2025-08-06 08:46:37,332 [INFO] Training with 4329 train and 481 val images.
2025-08-06 09:23:22,760 [INFO] Saving checkpoint at epoch 10...
2025-08-06 09:57:52,953 [INFO] Saving checkpoint at epoch 20...
2025-08-06 10:32:11,733 [INFO] Saving checkpoint at epoch 30...
2025-08-06 11:06:43,324 [INFO] Saving checkpoint at epoch 40...
2025-08-06 11:40:05,630 [INFO] Saving checkpoint at epoch 50...
2025-08-06 11:40:05,657 [INFO] Training finished. Saving final models and artifacts.
2025-08-06 11:40:05,874 [INFO] Loss curves saved to /zhome/62/5/203350/ws/ImgiNav/ae/latent4_lossPerceptual_base32_img1024/loss_curves.png
2025-08-06 11:40:05,876 [INFO] Training data JSON saved to /zhome/62/5/203350/ws/ImgiNav/ae/latent4_lossPerceptual_base32_img1024/training_data.json
2025-08-06 11:40:06,198 [INFO] Saved comparison image to /zhome/62/5/203350/ws/ImgiNav/ae/latent4_lossPerceptual_base32_img1024/comparison.png
2025-08-06 11:40:06,198 [INFO] Generating latent space PCA plot...
2025-08-06 11:40:25,673 [INFO] Latent space PCA plot saved to /zhome/62/5/203350/ws/ImgiNav/ae/latent4_lossPerceptual_base32_img1024/latent_space_pca.png
2025-08-06 11:40:25,674 [INFO] All artifacts saved successfully.
