2025-08-05 12:52:02,150 [INFO] STARTING EXPERIMENT: latent6_lossL1_base32_img1024
2025-08-05 12:52:02,150 [INFO] Output will be saved to: /zhome/62/5/203350/ws/ImgiNav/ae/latent6_lossL1_base32_img1024
2025-08-05 12:52:02,150 [INFO] World Size: 1
2025-08-05 12:52:02,152 [INFO] Configuration:
paths:
  output_dir: /zhome/62/5/203350/ws/ImgiNav/ae
  image_dir: /tmp/s233249_data_25758230_7
training:
  epochs: 50
  batch_size: 32
  lr: 0.0001
  num_workers: 0
  loss: L1
  img_size: 1024
  save_interval: 10
model:
  latent_channels: 6
  base_channels: 32
run_id: latent6_lossL1_base32_img1024
local_rank: 0

2025-08-06 20:22:23,721 [INFO] STARTING EXPERIMENT: latent6_lossL1_base32_img1024
2025-08-06 20:22:23,721 [INFO] Output will be saved to: /zhome/62/5/203350/ws/ImgiNav/ae/latent6_lossL1_base32_img1024
2025-08-06 20:22:23,721 [INFO] World Size: 1
2025-08-06 20:22:23,723 [INFO] Configuration:
paths:
  output_dir: /zhome/62/5/203350/ws/ImgiNav/ae
  image_dir: /tmp/s233249_data_25763383_7
training:
  epochs: 50
  batch_size: 32
  lr: 0.0001
  num_workers: 0
  loss: L1
  img_size: 1024
  save_interval: 10
model:
  latent_channels: 6
  base_channels: 32
run_id: latent6_lossL1_base32_img1024
local_rank: 0

2025-08-06 20:22:23,726 [INFO] Model metadata saved to /zhome/62/5/203350/ws/ImgiNav/ae/latent6_lossL1_base32_img1024/metadata.json
2025-08-06 20:22:27,111 [INFO] Training with 4329 train and 481 val images.
2025-08-06 20:54:03,172 [INFO] Saving checkpoint at epoch 10...
2025-08-06 21:24:59,052 [INFO] Saving checkpoint at epoch 20...
2025-08-06 21:55:09,933 [INFO] Saving checkpoint at epoch 30...
2025-08-06 22:25:29,757 [INFO] Saving checkpoint at epoch 40...
2025-08-06 22:55:37,325 [INFO] Saving checkpoint at epoch 50...
2025-08-06 22:55:37,351 [INFO] Training finished. Saving final models and artifacts.
2025-08-06 22:55:37,526 [INFO] Loss curves saved to /zhome/62/5/203350/ws/ImgiNav/ae/latent6_lossL1_base32_img1024/loss_curves.png
2025-08-06 22:55:37,529 [INFO] Training data JSON saved to /zhome/62/5/203350/ws/ImgiNav/ae/latent6_lossL1_base32_img1024/training_data.json
2025-08-06 22:55:37,806 [INFO] Saved comparison image to /zhome/62/5/203350/ws/ImgiNav/ae/latent6_lossL1_base32_img1024/comparison.png
2025-08-06 22:55:37,807 [INFO] Generating latent space PCA plot...
2025-08-06 22:55:56,656 [INFO] Latent space PCA plot saved to /zhome/62/5/203350/ws/ImgiNav/ae/latent6_lossL1_base32_img1024/latent_space_pca.png
2025-08-06 22:55:56,657 [INFO] All artifacts saved successfully.
