2025-08-07 14:05:20,538 [INFO] STARTING EXPERIMENT: latent4_lossMSE_base32_img1024
2025-08-07 14:05:20,538 [INFO] Output will be saved to: /zhome/62/5/203350/ws/ImgiNav/ae/recolored_semantic_layouts/latent4_lossMSE_base32_img1024
2025-08-07 14:05:20,538 [INFO] World Size: 1
2025-08-07 14:05:20,539 [INFO] Configuration:
paths:
  output_dir: /zhome/62/5/203350/ws/ImgiNav/ae/recolored_semantic_layouts
  image_dir: /tmp/s233249_data_25766999_2
training:
  epochs: 50
  batch_size: 32
  lr: 0.0001
  num_workers: 0
  loss: MSE
  img_size: 1024
  save_interval: 10
model:
  latent_channels: 4
  base_channels: 32
run_id: latent4_lossMSE_base32_img1024
local_rank: 0

2025-08-07 14:05:20,541 [INFO] Model metadata saved to /zhome/62/5/203350/ws/ImgiNav/ae/recolored_semantic_layouts/latent4_lossMSE_base32_img1024/metadata.json
2025-08-07 14:05:23,861 [INFO] Training with 4329 train and 481 val images.
2025-08-07 14:32:18,513 [INFO] Saving checkpoint at epoch 10...
2025-08-07 14:58:31,309 [INFO] Saving checkpoint at epoch 20...
2025-08-07 15:24:41,127 [INFO] Saving checkpoint at epoch 30...
2025-08-07 15:50:48,867 [INFO] Saving checkpoint at epoch 40...
2025-08-07 16:16:51,255 [INFO] Saving checkpoint at epoch 50...
2025-08-07 16:16:51,288 [INFO] Training finished. Saving final models and artifacts.
2025-08-07 16:16:51,479 [INFO] Loss curves saved to /zhome/62/5/203350/ws/ImgiNav/ae/recolored_semantic_layouts/latent4_lossMSE_base32_img1024/loss_curves.png
2025-08-07 16:16:51,481 [INFO] Training data JSON saved to /zhome/62/5/203350/ws/ImgiNav/ae/recolored_semantic_layouts/latent4_lossMSE_base32_img1024/training_data.json
2025-08-07 16:16:51,711 [INFO] Saved comparison image to /zhome/62/5/203350/ws/ImgiNav/ae/recolored_semantic_layouts/latent4_lossMSE_base32_img1024/comparison.png
2025-08-07 16:16:51,711 [INFO] Generating latent space PCA plot...
2025-08-07 16:17:07,605 [INFO] Latent space PCA plot saved to /zhome/62/5/203350/ws/ImgiNav/ae/recolored_semantic_layouts/latent4_lossMSE_base32_img1024/latent_space_pca.png
2025-08-07 16:17:07,606 [INFO] All artifacts saved successfully.
