2025-08-05 12:52:41,729 [INFO] STARTING EXPERIMENT: latent6_lossPerceptual_base32_img1024
2025-08-05 12:52:41,730 [INFO] Output will be saved to: /zhome/62/5/203350/ws/ImgiNav/ae/latent6_lossPerceptual_base32_img1024
2025-08-05 12:52:41,730 [INFO] World Size: 1
2025-08-05 12:52:41,731 [INFO] Configuration:
paths:
  output_dir: /zhome/62/5/203350/ws/ImgiNav/ae
  image_dir: /tmp/s233249_data_25758230_9
training:
  epochs: 50
  batch_size: 32
  lr: 0.0001
  num_workers: 0
  loss: Perceptual
  img_size: 1024
  save_interval: 10
model:
  latent_channels: 6
  base_channels: 32
run_id: latent6_lossPerceptual_base32_img1024
local_rank: 0

2025-08-06 20:45:06,346 [INFO] STARTING EXPERIMENT: latent6_lossPerceptual_base32_img1024
2025-08-06 20:45:06,347 [INFO] Output will be saved to: /zhome/62/5/203350/ws/ImgiNav/ae/latent6_lossPerceptual_base32_img1024
2025-08-06 20:45:06,347 [INFO] World Size: 1
2025-08-06 20:45:06,348 [INFO] Configuration:
paths:
  output_dir: /zhome/62/5/203350/ws/ImgiNav/ae
  image_dir: /tmp/s233249_data_25763383_9
training:
  epochs: 50
  batch_size: 32
  lr: 0.0001
  num_workers: 0
  loss: Perceptual
  img_size: 1024
  save_interval: 10
model:
  latent_channels: 6
  base_channels: 32
run_id: latent6_lossPerceptual_base32_img1024
local_rank: 0

2025-08-06 20:45:06,352 [INFO] Model metadata saved to /zhome/62/5/203350/ws/ImgiNav/ae/latent6_lossPerceptual_base32_img1024/metadata.json
2025-08-06 20:45:10,035 [INFO] Training with 4329 train and 481 val images.
2025-08-06 21:12:39,094 [INFO] Saving checkpoint at epoch 10...
2025-08-06 21:39:42,976 [INFO] Saving checkpoint at epoch 20...
2025-08-06 22:06:56,800 [INFO] Saving checkpoint at epoch 30...
2025-08-06 22:33:51,293 [INFO] Saving checkpoint at epoch 40...
2025-08-06 23:00:56,755 [INFO] Saving checkpoint at epoch 50...
2025-08-06 23:00:56,788 [INFO] Training finished. Saving final models and artifacts.
2025-08-06 23:00:56,971 [INFO] Loss curves saved to /zhome/62/5/203350/ws/ImgiNav/ae/latent6_lossPerceptual_base32_img1024/loss_curves.png
2025-08-06 23:00:56,974 [INFO] Training data JSON saved to /zhome/62/5/203350/ws/ImgiNav/ae/latent6_lossPerceptual_base32_img1024/training_data.json
2025-08-06 23:00:57,237 [INFO] Saved comparison image to /zhome/62/5/203350/ws/ImgiNav/ae/latent6_lossPerceptual_base32_img1024/comparison.png
2025-08-06 23:00:57,237 [INFO] Generating latent space PCA plot...
2025-08-06 23:01:13,045 [INFO] Latent space PCA plot saved to /zhome/62/5/203350/ws/ImgiNav/ae/latent6_lossPerceptual_base32_img1024/latent_space_pca.png
2025-08-06 23:01:13,045 [INFO] All artifacts saved successfully.
