2025-08-05 12:54:02,513 [INFO] STARTING EXPERIMENT: latent8_lossL1_base32_img1024
2025-08-05 12:54:02,513 [INFO] Output will be saved to: /zhome/62/5/203350/ws/ImgiNav/ae/latent8_lossL1_base32_img1024
2025-08-05 12:54:02,513 [INFO] World Size: 1
2025-08-05 12:54:02,515 [INFO] Configuration:
paths:
  output_dir: /zhome/62/5/203350/ws/ImgiNav/ae
  image_dir: /tmp/s233249_data_25758230_13
training:
  epochs: 50
  batch_size: 32
  lr: 0.0001
  num_workers: 0
  loss: L1
  img_size: 1024
  save_interval: 10
model:
  latent_channels: 8
  base_channels: 32
run_id: latent8_lossL1_base32_img1024
local_rank: 0

2025-08-07 02:49:41,193 [INFO] STARTING EXPERIMENT: latent8_lossL1_base32_img1024
2025-08-07 02:49:41,193 [INFO] Output will be saved to: /zhome/62/5/203350/ws/ImgiNav/ae/latent8_lossL1_base32_img1024
2025-08-07 02:49:41,193 [INFO] World Size: 1
2025-08-07 02:49:41,195 [INFO] Configuration:
paths:
  output_dir: /zhome/62/5/203350/ws/ImgiNav/ae
  image_dir: /tmp/s233249_data_25763383_13
training:
  epochs: 50
  batch_size: 32
  lr: 0.0001
  num_workers: 0
  loss: L1
  img_size: 1024
  save_interval: 10
model:
  latent_channels: 8
  base_channels: 32
run_id: latent8_lossL1_base32_img1024
local_rank: 0

2025-08-07 02:49:41,198 [INFO] Model metadata saved to /zhome/62/5/203350/ws/ImgiNav/ae/latent8_lossL1_base32_img1024/metadata.json
2025-08-07 02:49:44,346 [INFO] Training with 4329 train and 481 val images.
2025-08-07 03:22:33,749 [INFO] Saving checkpoint at epoch 10...
2025-08-07 03:54:35,496 [INFO] Saving checkpoint at epoch 20...
2025-08-07 04:26:24,995 [INFO] Saving checkpoint at epoch 30...
2025-08-07 04:58:43,135 [INFO] Saving checkpoint at epoch 40...
2025-08-07 05:30:28,004 [INFO] Saving checkpoint at epoch 50...
2025-08-07 05:30:28,031 [INFO] Training finished. Saving final models and artifacts.
2025-08-07 05:30:28,226 [INFO] Loss curves saved to /zhome/62/5/203350/ws/ImgiNav/ae/latent8_lossL1_base32_img1024/loss_curves.png
2025-08-07 05:30:28,229 [INFO] Training data JSON saved to /zhome/62/5/203350/ws/ImgiNav/ae/latent8_lossL1_base32_img1024/training_data.json
2025-08-07 05:30:28,533 [INFO] Saved comparison image to /zhome/62/5/203350/ws/ImgiNav/ae/latent8_lossL1_base32_img1024/comparison.png
2025-08-07 05:30:28,533 [INFO] Generating latent space PCA plot...
2025-08-07 05:30:48,522 [INFO] Latent space PCA plot saved to /zhome/62/5/203350/ws/ImgiNav/ae/latent8_lossL1_base32_img1024/latent_space_pca.png
2025-08-07 05:30:48,523 [INFO] All artifacts saved successfully.
